Determining if the include file pthread.h exists failed with the following output:
Change Dir: /home/goldi/Documents/KDevelop Projects/Morphogenesis/Morphogenesis/src/build/CMakeFiles/CMakeTmp

Run Build Command(s):/usr/bin/gmake -f Makefile cmTC_56bba/fast && /usr/bin/gmake  -f CMakeFiles/cmTC_56bba.dir/build.make CMakeFiles/cmTC_56bba.dir/build
gmake[1]: Entering directory '/home/goldi/Documents/KDevelop Projects/Morphogenesis/Morphogenesis/src/build/CMakeFiles/CMakeTmp'
Building C object CMakeFiles/cmTC_56bba.dir/CheckIncludeFile.c.o
/usr/bin/cc   -lOpenCL -m32 -m32  -o CMakeFiles/cmTC_56bba.dir/CheckIncludeFile.c.o -c "/home/goldi/Documents/KDevelop Projects/Morphogenesis/Morphogenesis/src/build/CMakeFiles/CMakeTmp/CheckIncludeFile.c"
Linking C executable cmTC_56bba
/usr/bin/cmake -E cmake_link_script CMakeFiles/cmTC_56bba.dir/link.txt --verbose=1
/usr/bin/cc -lOpenCL -m32 -m32  CMakeFiles/cmTC_56bba.dir/CheckIncludeFile.c.o -o cmTC_56bba 
/usr/bin/ld: skipping incompatible /usr/lib/gcc/x86_64-linux-gnu/11/../../../x86_64-linux-gnu/libOpenCL.so when searching for -lOpenCL
/usr/bin/ld: skipping incompatible /lib/x86_64-linux-gnu/libOpenCL.so when searching for -lOpenCL
/usr/bin/ld: skipping incompatible /usr/lib/x86_64-linux-gnu/libOpenCL.so when searching for -lOpenCL
/usr/bin/ld: skipping incompatible /usr/lib/x86_64-linux-gnu/libOpenCL.so when searching for -lOpenCL
/usr/bin/ld: cannot find -lOpenCL: No such file or directory
/usr/bin/ld: skipping incompatible /usr/lib/gcc/x86_64-linux-gnu/11/../../../x86_64-linux-gnu/libOpenCL.so when searching for -lOpenCL
/usr/bin/ld: skipping incompatible /lib/x86_64-linux-gnu/libOpenCL.so when searching for -lOpenCL
/usr/bin/ld: skipping incompatible /usr/lib/x86_64-linux-gnu/libOpenCL.so when searching for -lOpenCL
/usr/bin/ld: skipping incompatible /usr/lib/x86_64-linux-gnu/libOpenCL.so when searching for -lOpenCL
collect2: error: ld returned 1 exit status
gmake[1]: *** [CMakeFiles/cmTC_56bba.dir/build.make:99: cmTC_56bba] Error 1
gmake[1]: Leaving directory '/home/goldi/Documents/KDevelop Projects/Morphogenesis/Morphogenesis/src/build/CMakeFiles/CMakeTmp'
gmake: *** [Makefile:127: cmTC_56bba/fast] Error 2



Determining if the function XOpenDisplay exists in the /usr/lib/x86_64-linux-gnu/libX11.so;/usr/lib/x86_64-linux-gnu/libXext.so failed with the following output:
Change Dir: /home/goldi/Documents/KDevelop Projects/Morphogenesis/Morphogenesis/src/build/CMakeFiles/CMakeTmp

Run Build Command(s):/usr/bin/gmake -f Makefile cmTC_19f2f/fast && /usr/bin/gmake  -f CMakeFiles/cmTC_19f2f.dir/build.make CMakeFiles/cmTC_19f2f.dir/build
gmake[1]: Entering directory '/home/goldi/Documents/KDevelop Projects/Morphogenesis/Morphogenesis/src/build/CMakeFiles/CMakeTmp'
Building C object CMakeFiles/cmTC_19f2f.dir/CheckFunctionExists.c.o
/usr/bin/cc   -lOpenCL -m32 -m32 -DCHECK_FUNCTION_EXISTS=XOpenDisplay -o CMakeFiles/cmTC_19f2f.dir/CheckFunctionExists.c.o -c /usr/share/cmake-3.22/Modules/CheckFunctionExists.c
Linking C executable cmTC_19f2f
/usr/bin/cmake -E cmake_link_script CMakeFiles/cmTC_19f2f.dir/link.txt --verbose=1
/usr/bin/cc -lOpenCL -m32 -m32 -DCHECK_FUNCTION_EXISTS=XOpenDisplay CMakeFiles/cmTC_19f2f.dir/CheckFunctionExists.c.o -o cmTC_19f2f  /usr/lib/x86_64-linux-gnu/libX11.so /usr/lib/x86_64-linux-gnu/libXext.so 
/usr/bin/ld: skipping incompatible /usr/lib/gcc/x86_64-linux-gnu/11/../../../x86_64-linux-gnu/libOpenCL.so when searching for -lOpenCL
/usr/bin/ld: skipping incompatible /lib/x86_64-linux-gnu/libOpenCL.so when searching for -lOpenCL
/usr/bin/ld: skipping incompatible /usr/lib/x86_64-linux-gnu/libOpenCL.so when searching for -lOpenCL
/usr/bin/ld: skipping incompatible /usr/lib/x86_64-linux-gnu/libOpenCL.so when searching for -lOpenCL
/usr/bin/ld: cannot find -lOpenCL: No such file or directory
/usr/bin/ld: skipping incompatible /usr/lib/gcc/x86_64-linux-gnu/11/../../../x86_64-linux-gnu/libOpenCL.so when searching for -lOpenCL
/usr/bin/ld: skipping incompatible /lib/x86_64-linux-gnu/libOpenCL.so when searching for -lOpenCL
/usr/bin/ld: skipping incompatible /usr/lib/x86_64-linux-gnu/libOpenCL.so when searching for -lOpenCL
/usr/bin/ld: skipping incompatible /usr/lib/x86_64-linux-gnu/libOpenCL.so when searching for -lOpenCL
/usr/bin/ld: /usr/lib/x86_64-linux-gnu/libX11.so: error adding symbols: file in wrong format
collect2: error: ld returned 1 exit status
gmake[1]: *** [CMakeFiles/cmTC_19f2f.dir/build.make:101: cmTC_19f2f] Error 1
gmake[1]: Leaving directory '/home/goldi/Documents/KDevelop Projects/Morphogenesis/Morphogenesis/src/build/CMakeFiles/CMakeTmp'
gmake: *** [Makefile:127: cmTC_19f2f/fast] Error 2



Determining if the function dnet_ntoa exists in the dnet failed with the following output:
Change Dir: /home/goldi/Documents/KDevelop Projects/Morphogenesis/Morphogenesis/src/build/CMakeFiles/CMakeTmp

Run Build Command(s):/usr/bin/gmake -f Makefile cmTC_609da/fast && /usr/bin/gmake  -f CMakeFiles/cmTC_609da.dir/build.make CMakeFiles/cmTC_609da.dir/build
gmake[1]: Entering directory '/home/goldi/Documents/KDevelop Projects/Morphogenesis/Morphogenesis/src/build/CMakeFiles/CMakeTmp'
Building C object CMakeFiles/cmTC_609da.dir/CheckFunctionExists.c.o
/usr/bin/cc   -lOpenCL -m32 -m32 -DCHECK_FUNCTION_EXISTS=dnet_ntoa -o CMakeFiles/cmTC_609da.dir/CheckFunctionExists.c.o -c /usr/share/cmake-3.22/Modules/CheckFunctionExists.c
Linking C executable cmTC_609da
/usr/bin/cmake -E cmake_link_script CMakeFiles/cmTC_609da.dir/link.txt --verbose=1
/usr/bin/cc -lOpenCL -m32 -m32 -DCHECK_FUNCTION_EXISTS=dnet_ntoa CMakeFiles/cmTC_609da.dir/CheckFunctionExists.c.o -o cmTC_609da  -ldnet 
/usr/bin/ld: skipping incompatible /usr/lib/gcc/x86_64-linux-gnu/11/../../../x86_64-linux-gnu/libOpenCL.so when searching for -lOpenCL
/usr/bin/ld: skipping incompatible /lib/x86_64-linux-gnu/libOpenCL.so when searching for -lOpenCL
/usr/bin/ld: skipping incompatible /usr/lib/x86_64-linux-gnu/libOpenCL.so when searching for -lOpenCL
/usr/bin/ld: skipping incompatible /usr/lib/x86_64-linux-gnu/libOpenCL.so when searching for -lOpenCL
/usr/bin/ld: cannot find -lOpenCL: No such file or directory
/usr/bin/ld: skipping incompatible /usr/lib/gcc/x86_64-linux-gnu/11/../../../x86_64-linux-gnu/libOpenCL.so when searching for -lOpenCL
/usr/bin/ld: skipping incompatible /lib/x86_64-linux-gnu/libOpenCL.so when searching for -lOpenCL
/usr/bin/ld: skipping incompatible /usr/lib/x86_64-linux-gnu/libOpenCL.so when searching for -lOpenCL
/usr/bin/ld: skipping incompatible /usr/lib/x86_64-linux-gnu/libOpenCL.so when searching for -lOpenCL
/usr/bin/ld: cannot find -ldnet: No such file or directory
collect2: error: ld returned 1 exit status
gmake[1]: *** [CMakeFiles/cmTC_609da.dir/build.make:99: cmTC_609da] Error 1
gmake[1]: Leaving directory '/home/goldi/Documents/KDevelop Projects/Morphogenesis/Morphogenesis/src/build/CMakeFiles/CMakeTmp'
gmake: *** [Makefile:127: cmTC_609da/fast] Error 2



Determining if the function dnet_ntoa exists in the dnet_stub failed with the following output:
Change Dir: /home/goldi/Documents/KDevelop Projects/Morphogenesis/Morphogenesis/src/build/CMakeFiles/CMakeTmp

Run Build Command(s):/usr/bin/gmake -f Makefile cmTC_43719/fast && /usr/bin/gmake  -f CMakeFiles/cmTC_43719.dir/build.make CMakeFiles/cmTC_43719.dir/build
gmake[1]: Entering directory '/home/goldi/Documents/KDevelop Projects/Morphogenesis/Morphogenesis/src/build/CMakeFiles/CMakeTmp'
Building C object CMakeFiles/cmTC_43719.dir/CheckFunctionExists.c.o
/usr/bin/cc   -lOpenCL -m32 -m32 -DCHECK_FUNCTION_EXISTS=dnet_ntoa -o CMakeFiles/cmTC_43719.dir/CheckFunctionExists.c.o -c /usr/share/cmake-3.22/Modules/CheckFunctionExists.c
Linking C executable cmTC_43719
/usr/bin/cmake -E cmake_link_script CMakeFiles/cmTC_43719.dir/link.txt --verbose=1
/usr/bin/cc -lOpenCL -m32 -m32 -DCHECK_FUNCTION_EXISTS=dnet_ntoa CMakeFiles/cmTC_43719.dir/CheckFunctionExists.c.o -o cmTC_43719  -ldnet_stub 
/usr/bin/ld: skipping incompatible /usr/lib/gcc/x86_64-linux-gnu/11/../../../x86_64-linux-gnu/libOpenCL.so when searching for -lOpenCL
/usr/bin/ld: skipping incompatible /lib/x86_64-linux-gnu/libOpenCL.so when searching for -lOpenCL
/usr/bin/ld: skipping incompatible /usr/lib/x86_64-linux-gnu/libOpenCL.so when searching for -lOpenCL
/usr/bin/ld: skipping incompatible /usr/lib/x86_64-linux-gnu/libOpenCL.so when searching for -lOpenCL
/usr/bin/ld: cannot find -lOpenCL: No such file or directory
/usr/bin/ld: skipping incompatible /usr/lib/gcc/x86_64-linux-gnu/11/../../../x86_64-linux-gnu/libOpenCL.so when searching for -lOpenCL
/usr/bin/ld: skipping incompatible /lib/x86_64-linux-gnu/libOpenCL.so when searching for -lOpenCL
/usr/bin/ld: skipping incompatible /usr/lib/x86_64-linux-gnu/libOpenCL.so when searching for -lOpenCL
/usr/bin/ld: skipping incompatible /usr/lib/x86_64-linux-gnu/libOpenCL.so when searching for -lOpenCL
/usr/bin/ld: cannot find -ldnet_stub: No such file or directory
collect2: error: ld returned 1 exit status
gmake[1]: *** [CMakeFiles/cmTC_43719.dir/build.make:99: cmTC_43719] Error 1
gmake[1]: Leaving directory '/home/goldi/Documents/KDevelop Projects/Morphogenesis/Morphogenesis/src/build/CMakeFiles/CMakeTmp'
gmake: *** [Makefile:127: cmTC_43719/fast] Error 2



Determining if the function gethostbyname exists failed with the following output:
Change Dir: /home/goldi/Documents/KDevelop Projects/Morphogenesis/Morphogenesis/src/build/CMakeFiles/CMakeTmp

Run Build Command(s):/usr/bin/gmake -f Makefile cmTC_52998/fast && /usr/bin/gmake  -f CMakeFiles/cmTC_52998.dir/build.make CMakeFiles/cmTC_52998.dir/build
gmake[1]: Entering directory '/home/goldi/Documents/KDevelop Projects/Morphogenesis/Morphogenesis/src/build/CMakeFiles/CMakeTmp'
Building C object CMakeFiles/cmTC_52998.dir/CheckFunctionExists.c.o
/usr/bin/cc   -lOpenCL -m32 -m32 -DCHECK_FUNCTION_EXISTS=gethostbyname -o CMakeFiles/cmTC_52998.dir/CheckFunctionExists.c.o -c /usr/share/cmake-3.22/Modules/CheckFunctionExists.c
Linking C executable cmTC_52998
/usr/bin/cmake -E cmake_link_script CMakeFiles/cmTC_52998.dir/link.txt --verbose=1
/usr/bin/cc -lOpenCL -m32 -m32 -DCHECK_FUNCTION_EXISTS=gethostbyname CMakeFiles/cmTC_52998.dir/CheckFunctionExists.c.o -o cmTC_52998 
/usr/bin/ld: skipping incompatible /usr/lib/gcc/x86_64-linux-gnu/11/../../../x86_64-linux-gnu/libOpenCL.so when searching for -lOpenCL
/usr/bin/ld: skipping incompatible /lib/x86_64-linux-gnu/libOpenCL.so when searching for -lOpenCL
/usr/bin/ld: skipping incompatible /usr/lib/x86_64-linux-gnu/libOpenCL.so when searching for -lOpenCL
/usr/bin/ld: skipping incompatible /usr/lib/x86_64-linux-gnu/libOpenCL.so when searching for -lOpenCL
/usr/bin/ld: cannot find -lOpenCL: No such file or directory
/usr/bin/ld: skipping incompatible /usr/lib/gcc/x86_64-linux-gnu/11/../../../x86_64-linux-gnu/libOpenCL.so when searching for -lOpenCL
/usr/bin/ld: skipping incompatible /lib/x86_64-linux-gnu/libOpenCL.so when searching for -lOpenCL
/usr/bin/ld: skipping incompatible /usr/lib/x86_64-linux-gnu/libOpenCL.so when searching for -lOpenCL
/usr/bin/ld: skipping incompatible /usr/lib/x86_64-linux-gnu/libOpenCL.so when searching for -lOpenCL
collect2: error: ld returned 1 exit status
gmake[1]: *** [CMakeFiles/cmTC_52998.dir/build.make:99: cmTC_52998] Error 1
gmake[1]: Leaving directory '/home/goldi/Documents/KDevelop Projects/Morphogenesis/Morphogenesis/src/build/CMakeFiles/CMakeTmp'
gmake: *** [Makefile:127: cmTC_52998/fast] Error 2



Determining if the function gethostbyname exists in the nsl failed with the following output:
Change Dir: /home/goldi/Documents/KDevelop Projects/Morphogenesis/Morphogenesis/src/build/CMakeFiles/CMakeTmp

Run Build Command(s):/usr/bin/gmake -f Makefile cmTC_89433/fast && /usr/bin/gmake  -f CMakeFiles/cmTC_89433.dir/build.make CMakeFiles/cmTC_89433.dir/build
gmake[1]: Entering directory '/home/goldi/Documents/KDevelop Projects/Morphogenesis/Morphogenesis/src/build/CMakeFiles/CMakeTmp'
Building C object CMakeFiles/cmTC_89433.dir/CheckFunctionExists.c.o
/usr/bin/cc   -lOpenCL -m32 -m32 -DCHECK_FUNCTION_EXISTS=gethostbyname -o CMakeFiles/cmTC_89433.dir/CheckFunctionExists.c.o -c /usr/share/cmake-3.22/Modules/CheckFunctionExists.c
Linking C executable cmTC_89433
/usr/bin/cmake -E cmake_link_script CMakeFiles/cmTC_89433.dir/link.txt --verbose=1
/usr/bin/cc -lOpenCL -m32 -m32 -DCHECK_FUNCTION_EXISTS=gethostbyname CMakeFiles/cmTC_89433.dir/CheckFunctionExists.c.o -o cmTC_89433  -lnsl 
/usr/bin/ld: skipping incompatible /usr/lib/gcc/x86_64-linux-gnu/11/../../../x86_64-linux-gnu/libOpenCL.so when searching for -lOpenCL
/usr/bin/ld: skipping incompatible /lib/x86_64-linux-gnu/libOpenCL.so when searching for -lOpenCL
/usr/bin/ld: skipping incompatible /usr/lib/x86_64-linux-gnu/libOpenCL.so when searching for -lOpenCL
/usr/bin/ld: skipping incompatible /usr/lib/x86_64-linux-gnu/libOpenCL.so when searching for -lOpenCL
/usr/bin/ld: cannot find -lOpenCL: No such file or directory
/usr/bin/ld: skipping incompatible /usr/lib/gcc/x86_64-linux-gnu/11/../../../x86_64-linux-gnu/libOpenCL.so when searching for -lOpenCL
/usr/bin/ld: skipping incompatible /lib/x86_64-linux-gnu/libOpenCL.so when searching for -lOpenCL
/usr/bin/ld: skipping incompatible /usr/lib/x86_64-linux-gnu/libOpenCL.so when searching for -lOpenCL
/usr/bin/ld: skipping incompatible /usr/lib/x86_64-linux-gnu/libOpenCL.so when searching for -lOpenCL
/usr/bin/ld: skipping incompatible /usr/lib/gcc/x86_64-linux-gnu/11/../../../x86_64-linux-gnu/libnsl.so when searching for -lnsl
/usr/bin/ld: skipping incompatible /usr/lib/gcc/x86_64-linux-gnu/11/../../../x86_64-linux-gnu/libnsl.a when searching for -lnsl
/usr/bin/ld: skipping incompatible /lib/x86_64-linux-gnu/libnsl.so when searching for -lnsl
/usr/bin/ld: skipping incompatible /lib/x86_64-linux-gnu/libnsl.a when searching for -lnsl
/usr/bin/ld: skipping incompatible /usr/lib/x86_64-linux-gnu/libnsl.so when searching for -lnsl
/usr/bin/ld: skipping incompatible /usr/lib/x86_64-linux-gnu/libnsl.a when searching for -lnsl
/usr/bin/ld: skipping incompatible /usr/lib/x86_64-linux-gnu/libnsl.so when searching for -lnsl
/usr/bin/ld: skipping incompatible /usr/lib/x86_64-linux-gnu/libnsl.a when searching for -lnsl
/usr/bin/ld: cannot find -lnsl: No such file or directory
/usr/bin/ld: skipping incompatible /usr/lib/gcc/x86_64-linux-gnu/11/../../../x86_64-linux-gnu/libnsl.so when searching for -lnsl
/usr/bin/ld: skipping incompatible /lib/x86_64-linux-gnu/libnsl.so when searching for -lnsl
/usr/bin/ld: skipping incompatible /usr/lib/x86_64-linux-gnu/libnsl.so when searching for -lnsl
/usr/bin/ld: skipping incompatible /usr/lib/x86_64-linux-gnu/libnsl.so when searching for -lnsl
collect2: error: ld returned 1 exit status
gmake[1]: *** [CMakeFiles/cmTC_89433.dir/build.make:99: cmTC_89433] Error 1
gmake[1]: Leaving directory '/home/goldi/Documents/KDevelop Projects/Morphogenesis/Morphogenesis/src/build/CMakeFiles/CMakeTmp'
gmake: *** [Makefile:127: cmTC_89433/fast] Error 2



Determining if the function gethostbyname exists in the bsd failed with the following output:
Change Dir: /home/goldi/Documents/KDevelop Projects/Morphogenesis/Morphogenesis/src/build/CMakeFiles/CMakeTmp

Run Build Command(s):/usr/bin/gmake -f Makefile cmTC_e3dac/fast && /usr/bin/gmake  -f CMakeFiles/cmTC_e3dac.dir/build.make CMakeFiles/cmTC_e3dac.dir/build
gmake[1]: Entering directory '/home/goldi/Documents/KDevelop Projects/Morphogenesis/Morphogenesis/src/build/CMakeFiles/CMakeTmp'
Building C object CMakeFiles/cmTC_e3dac.dir/CheckFunctionExists.c.o
/usr/bin/cc   -lOpenCL -m32 -m32 -DCHECK_FUNCTION_EXISTS=gethostbyname -o CMakeFiles/cmTC_e3dac.dir/CheckFunctionExists.c.o -c /usr/share/cmake-3.22/Modules/CheckFunctionExists.c
Linking C executable cmTC_e3dac
/usr/bin/cmake -E cmake_link_script CMakeFiles/cmTC_e3dac.dir/link.txt --verbose=1
/usr/bin/cc -lOpenCL -m32 -m32 -DCHECK_FUNCTION_EXISTS=gethostbyname CMakeFiles/cmTC_e3dac.dir/CheckFunctionExists.c.o -o cmTC_e3dac  -lbsd 
/usr/bin/ld: skipping incompatible /usr/lib/gcc/x86_64-linux-gnu/11/../../../x86_64-linux-gnu/libOpenCL.so when searching for -lOpenCL
/usr/bin/ld: skipping incompatible /lib/x86_64-linux-gnu/libOpenCL.so when searching for -lOpenCL
/usr/bin/ld: skipping incompatible /usr/lib/x86_64-linux-gnu/libOpenCL.so when searching for -lOpenCL
/usr/bin/ld: skipping incompatible /usr/lib/x86_64-linux-gnu/libOpenCL.so when searching for -lOpenCL
/usr/bin/ld: cannot find -lOpenCL: No such file or directory
/usr/bin/ld: skipping incompatible /usr/lib/gcc/x86_64-linux-gnu/11/../../../x86_64-linux-gnu/libOpenCL.so when searching for -lOpenCL
/usr/bin/ld: skipping incompatible /lib/x86_64-linux-gnu/libOpenCL.so when searching for -lOpenCL
/usr/bin/ld: skipping incompatible /usr/lib/x86_64-linux-gnu/libOpenCL.so when searching for -lOpenCL
/usr/bin/ld: skipping incompatible /usr/lib/x86_64-linux-gnu/libOpenCL.so when searching for -lOpenCL
/usr/bin/ld: cannot find -lbsd: No such file or directory
collect2: error: ld returned 1 exit status
gmake[1]: *** [CMakeFiles/cmTC_e3dac.dir/build.make:99: cmTC_e3dac] Error 1
gmake[1]: Leaving directory '/home/goldi/Documents/KDevelop Projects/Morphogenesis/Morphogenesis/src/build/CMakeFiles/CMakeTmp'
gmake: *** [Makefile:127: cmTC_e3dac/fast] Error 2



Determining if the function connect exists failed with the following output:
Change Dir: /home/goldi/Documents/KDevelop Projects/Morphogenesis/Morphogenesis/src/build/CMakeFiles/CMakeTmp

Run Build Command(s):/usr/bin/gmake -f Makefile cmTC_8a02c/fast && /usr/bin/gmake  -f CMakeFiles/cmTC_8a02c.dir/build.make CMakeFiles/cmTC_8a02c.dir/build
gmake[1]: Entering directory '/home/goldi/Documents/KDevelop Projects/Morphogenesis/Morphogenesis/src/build/CMakeFiles/CMakeTmp'
Building C object CMakeFiles/cmTC_8a02c.dir/CheckFunctionExists.c.o
/usr/bin/cc   -lOpenCL -m32 -m32 -DCHECK_FUNCTION_EXISTS=connect -o CMakeFiles/cmTC_8a02c.dir/CheckFunctionExists.c.o -c /usr/share/cmake-3.22/Modules/CheckFunctionExists.c
Linking C executable cmTC_8a02c
/usr/bin/cmake -E cmake_link_script CMakeFiles/cmTC_8a02c.dir/link.txt --verbose=1
/usr/bin/cc -lOpenCL -m32 -m32 -DCHECK_FUNCTION_EXISTS=connect CMakeFiles/cmTC_8a02c.dir/CheckFunctionExists.c.o -o cmTC_8a02c 
/usr/bin/ld: skipping incompatible /usr/lib/gcc/x86_64-linux-gnu/11/../../../x86_64-linux-gnu/libOpenCL.so when searching for -lOpenCL
/usr/bin/ld: skipping incompatible /lib/x86_64-linux-gnu/libOpenCL.so when searching for -lOpenCL
/usr/bin/ld: skipping incompatible /usr/lib/x86_64-linux-gnu/libOpenCL.so when searching for -lOpenCL
/usr/bin/ld: skipping incompatible /usr/lib/x86_64-linux-gnu/libOpenCL.so when searching for -lOpenCL
/usr/bin/ld: cannot find -lOpenCL: No such file or directory
/usr/bin/ld: skipping incompatible /usr/lib/gcc/x86_64-linux-gnu/11/../../../x86_64-linux-gnu/libOpenCL.so when searching for -lOpenCL
/usr/bin/ld: skipping incompatible /lib/x86_64-linux-gnu/libOpenCL.so when searching for -lOpenCL
/usr/bin/ld: skipping incompatible /usr/lib/x86_64-linux-gnu/libOpenCL.so when searching for -lOpenCL
/usr/bin/ld: skipping incompatible /usr/lib/x86_64-linux-gnu/libOpenCL.so when searching for -lOpenCL
collect2: error: ld returned 1 exit status
gmake[1]: *** [CMakeFiles/cmTC_8a02c.dir/build.make:99: cmTC_8a02c] Error 1
gmake[1]: Leaving directory '/home/goldi/Documents/KDevelop Projects/Morphogenesis/Morphogenesis/src/build/CMakeFiles/CMakeTmp'
gmake: *** [Makefile:127: cmTC_8a02c/fast] Error 2



Determining if the function connect exists in the socket failed with the following output:
Change Dir: /home/goldi/Documents/KDevelop Projects/Morphogenesis/Morphogenesis/src/build/CMakeFiles/CMakeTmp

Run Build Command(s):/usr/bin/gmake -f Makefile cmTC_54471/fast && /usr/bin/gmake  -f CMakeFiles/cmTC_54471.dir/build.make CMakeFiles/cmTC_54471.dir/build
gmake[1]: Entering directory '/home/goldi/Documents/KDevelop Projects/Morphogenesis/Morphogenesis/src/build/CMakeFiles/CMakeTmp'
Building C object CMakeFiles/cmTC_54471.dir/CheckFunctionExists.c.o
/usr/bin/cc   -lOpenCL -m32 -m32 -DCHECK_FUNCTION_EXISTS=connect -o CMakeFiles/cmTC_54471.dir/CheckFunctionExists.c.o -c /usr/share/cmake-3.22/Modules/CheckFunctionExists.c
Linking C executable cmTC_54471
/usr/bin/cmake -E cmake_link_script CMakeFiles/cmTC_54471.dir/link.txt --verbose=1
/usr/bin/cc -lOpenCL -m32 -m32 -DCHECK_FUNCTION_EXISTS=connect CMakeFiles/cmTC_54471.dir/CheckFunctionExists.c.o -o cmTC_54471  -lsocket 
/usr/bin/ld: skipping incompatible /usr/lib/gcc/x86_64-linux-gnu/11/../../../x86_64-linux-gnu/libOpenCL.so when searching for -lOpenCL
/usr/bin/ld: skipping incompatible /lib/x86_64-linux-gnu/libOpenCL.so when searching for -lOpenCL
/usr/bin/ld: skipping incompatible /usr/lib/x86_64-linux-gnu/libOpenCL.so when searching for -lOpenCL
/usr/bin/ld: skipping incompatible /usr/lib/x86_64-linux-gnu/libOpenCL.so when searching for -lOpenCL
/usr/bin/ld: cannot find -lOpenCL: No such file or directory
/usr/bin/ld: skipping incompatible /usr/lib/gcc/x86_64-linux-gnu/11/../../../x86_64-linux-gnu/libOpenCL.so when searching for -lOpenCL
/usr/bin/ld: skipping incompatible /lib/x86_64-linux-gnu/libOpenCL.so when searching for -lOpenCL
/usr/bin/ld: skipping incompatible /usr/lib/x86_64-linux-gnu/libOpenCL.so when searching for -lOpenCL
/usr/bin/ld: skipping incompatible /usr/lib/x86_64-linux-gnu/libOpenCL.so when searching for -lOpenCL
/usr/bin/ld: cannot find -lsocket: No such file or directory
collect2: error: ld returned 1 exit status
gmake[1]: *** [CMakeFiles/cmTC_54471.dir/build.make:99: cmTC_54471] Error 1
gmake[1]: Leaving directory '/home/goldi/Documents/KDevelop Projects/Morphogenesis/Morphogenesis/src/build/CMakeFiles/CMakeTmp'
gmake: *** [Makefile:127: cmTC_54471/fast] Error 2



Determining if the function remove exists failed with the following output:
Change Dir: /home/goldi/Documents/KDevelop Projects/Morphogenesis/Morphogenesis/src/build/CMakeFiles/CMakeTmp

Run Build Command(s):/usr/bin/gmake -f Makefile cmTC_32c69/fast && /usr/bin/gmake  -f CMakeFiles/cmTC_32c69.dir/build.make CMakeFiles/cmTC_32c69.dir/build
gmake[1]: Entering directory '/home/goldi/Documents/KDevelop Projects/Morphogenesis/Morphogenesis/src/build/CMakeFiles/CMakeTmp'
Building C object CMakeFiles/cmTC_32c69.dir/CheckFunctionExists.c.o
/usr/bin/cc   -lOpenCL -m32 -m32 -DCHECK_FUNCTION_EXISTS=remove -o CMakeFiles/cmTC_32c69.dir/CheckFunctionExists.c.o -c /usr/share/cmake-3.22/Modules/CheckFunctionExists.c
Linking C executable cmTC_32c69
/usr/bin/cmake -E cmake_link_script CMakeFiles/cmTC_32c69.dir/link.txt --verbose=1
/usr/bin/cc -lOpenCL -m32 -m32 -DCHECK_FUNCTION_EXISTS=remove CMakeFiles/cmTC_32c69.dir/CheckFunctionExists.c.o -o cmTC_32c69 
/usr/bin/ld: skipping incompatible /usr/lib/gcc/x86_64-linux-gnu/11/../../../x86_64-linux-gnu/libOpenCL.so when searching for -lOpenCL
/usr/bin/ld: skipping incompatible /lib/x86_64-linux-gnu/libOpenCL.so when searching for -lOpenCL
/usr/bin/ld: skipping incompatible /usr/lib/x86_64-linux-gnu/libOpenCL.so when searching for -lOpenCL
/usr/bin/ld: skipping incompatible /usr/lib/x86_64-linux-gnu/libOpenCL.so when searching for -lOpenCL
/usr/bin/ld: cannot find -lOpenCL: No such file or directory
/usr/bin/ld: skipping incompatible /usr/lib/gcc/x86_64-linux-gnu/11/../../../x86_64-linux-gnu/libOpenCL.so when searching for -lOpenCL
/usr/bin/ld: skipping incompatible /lib/x86_64-linux-gnu/libOpenCL.so when searching for -lOpenCL
/usr/bin/ld: skipping incompatible /usr/lib/x86_64-linux-gnu/libOpenCL.so when searching for -lOpenCL
/usr/bin/ld: skipping incompatible /usr/lib/x86_64-linux-gnu/libOpenCL.so when searching for -lOpenCL
collect2: error: ld returned 1 exit status
gmake[1]: *** [CMakeFiles/cmTC_32c69.dir/build.make:99: cmTC_32c69] Error 1
gmake[1]: Leaving directory '/home/goldi/Documents/KDevelop Projects/Morphogenesis/Morphogenesis/src/build/CMakeFiles/CMakeTmp'
gmake: *** [Makefile:127: cmTC_32c69/fast] Error 2



Determining if the function remove exists in the posix failed with the following output:
Change Dir: /home/goldi/Documents/KDevelop Projects/Morphogenesis/Morphogenesis/src/build/CMakeFiles/CMakeTmp

Run Build Command(s):/usr/bin/gmake -f Makefile cmTC_4769e/fast && /usr/bin/gmake  -f CMakeFiles/cmTC_4769e.dir/build.make CMakeFiles/cmTC_4769e.dir/build
gmake[1]: Entering directory '/home/goldi/Documents/KDevelop Projects/Morphogenesis/Morphogenesis/src/build/CMakeFiles/CMakeTmp'
Building C object CMakeFiles/cmTC_4769e.dir/CheckFunctionExists.c.o
/usr/bin/cc   -lOpenCL -m32 -m32 -DCHECK_FUNCTION_EXISTS=remove -o CMakeFiles/cmTC_4769e.dir/CheckFunctionExists.c.o -c /usr/share/cmake-3.22/Modules/CheckFunctionExists.c
Linking C executable cmTC_4769e
/usr/bin/cmake -E cmake_link_script CMakeFiles/cmTC_4769e.dir/link.txt --verbose=1
/usr/bin/cc -lOpenCL -m32 -m32 -DCHECK_FUNCTION_EXISTS=remove CMakeFiles/cmTC_4769e.dir/CheckFunctionExists.c.o -o cmTC_4769e  -lposix 
/usr/bin/ld: skipping incompatible /usr/lib/gcc/x86_64-linux-gnu/11/../../../x86_64-linux-gnu/libOpenCL.so when searching for -lOpenCL
/usr/bin/ld: skipping incompatible /lib/x86_64-linux-gnu/libOpenCL.so when searching for -lOpenCL
/usr/bin/ld: skipping incompatible /usr/lib/x86_64-linux-gnu/libOpenCL.so when searching for -lOpenCL
/usr/bin/ld: skipping incompatible /usr/lib/x86_64-linux-gnu/libOpenCL.so when searching for -lOpenCL
/usr/bin/ld: cannot find -lOpenCL: No such file or directory
/usr/bin/ld: skipping incompatible /usr/lib/gcc/x86_64-linux-gnu/11/../../../x86_64-linux-gnu/libOpenCL.so when searching for -lOpenCL
/usr/bin/ld: skipping incompatible /lib/x86_64-linux-gnu/libOpenCL.so when searching for -lOpenCL
/usr/bin/ld: skipping incompatible /usr/lib/x86_64-linux-gnu/libOpenCL.so when searching for -lOpenCL
/usr/bin/ld: skipping incompatible /usr/lib/x86_64-linux-gnu/libOpenCL.so when searching for -lOpenCL
/usr/bin/ld: cannot find -lposix: No such file or directory
collect2: error: ld returned 1 exit status
gmake[1]: *** [CMakeFiles/cmTC_4769e.dir/build.make:99: cmTC_4769e] Error 1
gmake[1]: Leaving directory '/home/goldi/Documents/KDevelop Projects/Morphogenesis/Morphogenesis/src/build/CMakeFiles/CMakeTmp'
gmake: *** [Makefile:127: cmTC_4769e/fast] Error 2



Determining if the function shmat exists failed with the following output:
Change Dir: /home/goldi/Documents/KDevelop Projects/Morphogenesis/Morphogenesis/src/build/CMakeFiles/CMakeTmp

Run Build Command(s):/usr/bin/gmake -f Makefile cmTC_545f2/fast && /usr/bin/gmake  -f CMakeFiles/cmTC_545f2.dir/build.make CMakeFiles/cmTC_545f2.dir/build
gmake[1]: Entering directory '/home/goldi/Documents/KDevelop Projects/Morphogenesis/Morphogenesis/src/build/CMakeFiles/CMakeTmp'
Building C object CMakeFiles/cmTC_545f2.dir/CheckFunctionExists.c.o
/usr/bin/cc   -lOpenCL -m32 -m32 -DCHECK_FUNCTION_EXISTS=shmat -o CMakeFiles/cmTC_545f2.dir/CheckFunctionExists.c.o -c /usr/share/cmake-3.22/Modules/CheckFunctionExists.c
Linking C executable cmTC_545f2
/usr/bin/cmake -E cmake_link_script CMakeFiles/cmTC_545f2.dir/link.txt --verbose=1
/usr/bin/cc -lOpenCL -m32 -m32 -DCHECK_FUNCTION_EXISTS=shmat CMakeFiles/cmTC_545f2.dir/CheckFunctionExists.c.o -o cmTC_545f2 
/usr/bin/ld: skipping incompatible /usr/lib/gcc/x86_64-linux-gnu/11/../../../x86_64-linux-gnu/libOpenCL.so when searching for -lOpenCL
/usr/bin/ld: skipping incompatible /lib/x86_64-linux-gnu/libOpenCL.so when searching for -lOpenCL
/usr/bin/ld: skipping incompatible /usr/lib/x86_64-linux-gnu/libOpenCL.so when searching for -lOpenCL
/usr/bin/ld: skipping incompatible /usr/lib/x86_64-linux-gnu/libOpenCL.so when searching for -lOpenCL
/usr/bin/ld: cannot find -lOpenCL: No such file or directory
/usr/bin/ld: skipping incompatible /usr/lib/gcc/x86_64-linux-gnu/11/../../../x86_64-linux-gnu/libOpenCL.so when searching for -lOpenCL
/usr/bin/ld: skipping incompatible /lib/x86_64-linux-gnu/libOpenCL.so when searching for -lOpenCL
/usr/bin/ld: skipping incompatible /usr/lib/x86_64-linux-gnu/libOpenCL.so when searching for -lOpenCL
/usr/bin/ld: skipping incompatible /usr/lib/x86_64-linux-gnu/libOpenCL.so when searching for -lOpenCL
collect2: error: ld returned 1 exit status
gmake[1]: *** [CMakeFiles/cmTC_545f2.dir/build.make:99: cmTC_545f2] Error 1
gmake[1]: Leaving directory '/home/goldi/Documents/KDevelop Projects/Morphogenesis/Morphogenesis/src/build/CMakeFiles/CMakeTmp'
gmake: *** [Makefile:127: cmTC_545f2/fast] Error 2



Determining if the function shmat exists in the ipc failed with the following output:
Change Dir: /home/goldi/Documents/KDevelop Projects/Morphogenesis/Morphogenesis/src/build/CMakeFiles/CMakeTmp

Run Build Command(s):/usr/bin/gmake -f Makefile cmTC_002ab/fast && /usr/bin/gmake  -f CMakeFiles/cmTC_002ab.dir/build.make CMakeFiles/cmTC_002ab.dir/build
gmake[1]: Entering directory '/home/goldi/Documents/KDevelop Projects/Morphogenesis/Morphogenesis/src/build/CMakeFiles/CMakeTmp'
Building C object CMakeFiles/cmTC_002ab.dir/CheckFunctionExists.c.o
/usr/bin/cc   -lOpenCL -m32 -m32 -DCHECK_FUNCTION_EXISTS=shmat -o CMakeFiles/cmTC_002ab.dir/CheckFunctionExists.c.o -c /usr/share/cmake-3.22/Modules/CheckFunctionExists.c
Linking C executable cmTC_002ab
/usr/bin/cmake -E cmake_link_script CMakeFiles/cmTC_002ab.dir/link.txt --verbose=1
/usr/bin/cc -lOpenCL -m32 -m32 -DCHECK_FUNCTION_EXISTS=shmat CMakeFiles/cmTC_002ab.dir/CheckFunctionExists.c.o -o cmTC_002ab  -lipc 
/usr/bin/ld: skipping incompatible /usr/lib/gcc/x86_64-linux-gnu/11/../../../x86_64-linux-gnu/libOpenCL.so when searching for -lOpenCL
/usr/bin/ld: skipping incompatible /lib/x86_64-linux-gnu/libOpenCL.so when searching for -lOpenCL
/usr/bin/ld: skipping incompatible /usr/lib/x86_64-linux-gnu/libOpenCL.so when searching for -lOpenCL
/usr/bin/ld: skipping incompatible /usr/lib/x86_64-linux-gnu/libOpenCL.so when searching for -lOpenCL
/usr/bin/ld: cannot find -lOpenCL: No such file or directory
/usr/bin/ld: skipping incompatible /usr/lib/gcc/x86_64-linux-gnu/11/../../../x86_64-linux-gnu/libOpenCL.so when searching for -lOpenCL
/usr/bin/ld: skipping incompatible /lib/x86_64-linux-gnu/libOpenCL.so when searching for -lOpenCL
/usr/bin/ld: skipping incompatible /usr/lib/x86_64-linux-gnu/libOpenCL.so when searching for -lOpenCL
/usr/bin/ld: skipping incompatible /usr/lib/x86_64-linux-gnu/libOpenCL.so when searching for -lOpenCL
/usr/bin/ld: cannot find -lipc: No such file or directory
collect2: error: ld returned 1 exit status
gmake[1]: *** [CMakeFiles/cmTC_002ab.dir/build.make:99: cmTC_002ab] Error 1
gmake[1]: Leaving directory '/home/goldi/Documents/KDevelop Projects/Morphogenesis/Morphogenesis/src/build/CMakeFiles/CMakeTmp'
gmake: *** [Makefile:127: cmTC_002ab/fast] Error 2



Determining if the function IceConnectionNumber exists in the ICE failed with the following output:
Change Dir: /home/goldi/Documents/KDevelop Projects/Morphogenesis/Morphogenesis/src/build/CMakeFiles/CMakeTmp

Run Build Command(s):/usr/bin/gmake -f Makefile cmTC_be25e/fast && /usr/bin/gmake  -f CMakeFiles/cmTC_be25e.dir/build.make CMakeFiles/cmTC_be25e.dir/build
gmake[1]: Entering directory '/home/goldi/Documents/KDevelop Projects/Morphogenesis/Morphogenesis/src/build/CMakeFiles/CMakeTmp'
Building C object CMakeFiles/cmTC_be25e.dir/CheckFunctionExists.c.o
/usr/bin/cc   -lOpenCL -m32 -m32 -DCHECK_FUNCTION_EXISTS=IceConnectionNumber -o CMakeFiles/cmTC_be25e.dir/CheckFunctionExists.c.o -c /usr/share/cmake-3.22/Modules/CheckFunctionExists.c
Linking C executable cmTC_be25e
/usr/bin/cmake -E cmake_link_script CMakeFiles/cmTC_be25e.dir/link.txt --verbose=1
/usr/bin/cc -lOpenCL -m32 -m32 -DCHECK_FUNCTION_EXISTS=IceConnectionNumber CMakeFiles/cmTC_be25e.dir/CheckFunctionExists.c.o -o cmTC_be25e  -lICE 
/usr/bin/ld: skipping incompatible /usr/lib/gcc/x86_64-linux-gnu/11/../../../x86_64-linux-gnu/libOpenCL.so when searching for -lOpenCL
/usr/bin/ld: skipping incompatible /lib/x86_64-linux-gnu/libOpenCL.so when searching for -lOpenCL
/usr/bin/ld: skipping incompatible /usr/lib/x86_64-linux-gnu/libOpenCL.so when searching for -lOpenCL
/usr/bin/ld: skipping incompatible /usr/lib/x86_64-linux-gnu/libOpenCL.so when searching for -lOpenCL
/usr/bin/ld: cannot find -lOpenCL: No such file or directory
/usr/bin/ld: skipping incompatible /usr/lib/gcc/x86_64-linux-gnu/11/../../../x86_64-linux-gnu/libOpenCL.so when searching for -lOpenCL
/usr/bin/ld: skipping incompatible /lib/x86_64-linux-gnu/libOpenCL.so when searching for -lOpenCL
/usr/bin/ld: skipping incompatible /usr/lib/x86_64-linux-gnu/libOpenCL.so when searching for -lOpenCL
/usr/bin/ld: skipping incompatible /usr/lib/x86_64-linux-gnu/libOpenCL.so when searching for -lOpenCL
/usr/bin/ld: skipping incompatible /usr/lib/gcc/x86_64-linux-gnu/11/../../../x86_64-linux-gnu/libICE.so when searching for -lICE
/usr/bin/ld: skipping incompatible /usr/lib/gcc/x86_64-linux-gnu/11/../../../x86_64-linux-gnu/libICE.a when searching for -lICE
/usr/bin/ld: skipping incompatible /lib/x86_64-linux-gnu/libICE.so when searching for -lICE
/usr/bin/ld: skipping incompatible /lib/x86_64-linux-gnu/libICE.a when searching for -lICE
/usr/bin/ld: skipping incompatible /usr/lib/x86_64-linux-gnu/libICE.so when searching for -lICE
/usr/bin/ld: skipping incompatible /usr/lib/x86_64-linux-gnu/libICE.a when searching for -lICE
/usr/bin/ld: skipping incompatible /usr/lib/x86_64-linux-gnu/libICE.so when searching for -lICE
/usr/bin/ld: skipping incompatible /usr/lib/x86_64-linux-gnu/libICE.a when searching for -lICE
/usr/bin/ld: cannot find -lICE: No such file or directory
/usr/bin/ld: skipping incompatible /usr/lib/gcc/x86_64-linux-gnu/11/../../../x86_64-linux-gnu/libICE.so when searching for -lICE
/usr/bin/ld: skipping incompatible /lib/x86_64-linux-gnu/libICE.so when searching for -lICE
/usr/bin/ld: skipping incompatible /usr/lib/x86_64-linux-gnu/libICE.so when searching for -lICE
/usr/bin/ld: skipping incompatible /usr/lib/x86_64-linux-gnu/libICE.so when searching for -lICE
collect2: error: ld returned 1 exit status
gmake[1]: *** [CMakeFiles/cmTC_be25e.dir/build.make:99: cmTC_be25e] Error 1
gmake[1]: Leaving directory '/home/goldi/Documents/KDevelop Projects/Morphogenesis/Morphogenesis/src/build/CMakeFiles/CMakeTmp'
gmake: *** [Makefile:127: cmTC_be25e/fast] Error 2



The MPI test test_mpi for C in mode normal failed to compile with the following output:
Change Dir: /home/goldi/Documents/KDevelop Projects/Morphogenesis/Morphogenesis/src/build/CMakeFiles/CMakeTmp

Run Build Command(s):/usr/bin/gmake -f Makefile cmTC_89ab7/fast && /usr/bin/gmake  -f CMakeFiles/cmTC_89ab7.dir/build.make CMakeFiles/cmTC_89ab7.dir/build
gmake[1]: Entering directory '/home/goldi/Documents/KDevelop Projects/Morphogenesis/Morphogenesis/src/build/CMakeFiles/CMakeTmp'
Building C object CMakeFiles/cmTC_89ab7.dir/test_mpi.c.o
/usr/bin/cc  -isystem /usr/lib/x86_64-linux-gnu/openmpi/include -isystem /usr/lib/x86_64-linux-gnu/openmpi/include/openmpi -lOpenCL -m32 -m32  -o CMakeFiles/cmTC_89ab7.dir/test_mpi.c.o -c /usr/share/cmake-3.22/Modules/FindMPI/test_mpi.c
Linking C executable cmTC_89ab7
/usr/bin/cmake -E cmake_link_script CMakeFiles/cmTC_89ab7.dir/link.txt --verbose=1
/usr/bin/cc -lOpenCL -m32 -m32  -L/usr/lib/x86_64-linux-gnu/openmpi/lib CMakeFiles/cmTC_89ab7.dir/test_mpi.c.o -o cmTC_89ab7  /usr/lib/x86_64-linux-gnu/libmpi.so 
/usr/bin/ld: skipping incompatible /usr/lib/gcc/x86_64-linux-gnu/11/../../../x86_64-linux-gnu/libOpenCL.so when searching for -lOpenCL
/usr/bin/ld: skipping incompatible /lib/x86_64-linux-gnu/libOpenCL.so when searching for -lOpenCL
/usr/bin/ld: skipping incompatible /usr/lib/x86_64-linux-gnu/libOpenCL.so when searching for -lOpenCL
/usr/bin/ld: skipping incompatible /usr/lib/x86_64-linux-gnu/libOpenCL.so when searching for -lOpenCL
/usr/bin/ld: cannot find -lOpenCL: No such file or directory
/usr/bin/ld: skipping incompatible /usr/lib/gcc/x86_64-linux-gnu/11/../../../x86_64-linux-gnu/libOpenCL.so when searching for -lOpenCL
/usr/bin/ld: skipping incompatible /lib/x86_64-linux-gnu/libOpenCL.so when searching for -lOpenCL
/usr/bin/ld: skipping incompatible /usr/lib/x86_64-linux-gnu/libOpenCL.so when searching for -lOpenCL
/usr/bin/ld: skipping incompatible /usr/lib/x86_64-linux-gnu/libOpenCL.so when searching for -lOpenCL
/usr/bin/ld: /usr/lib/x86_64-linux-gnu/libmpi.so: error adding symbols: file in wrong format
collect2: error: ld returned 1 exit status
gmake[1]: *** [CMakeFiles/cmTC_89ab7.dir/build.make:100: cmTC_89ab7] Error 1
gmake[1]: Leaving directory '/home/goldi/Documents/KDevelop Projects/Morphogenesis/Morphogenesis/src/build/CMakeFiles/CMakeTmp'
gmake: *** [Makefile:127: cmTC_89ab7/fast] Error 2



